<?xml version="1.0" encoding="UTF-8"?>
<!-- Generated by org.testng.reporters.JUnitXMLReporter -->
<testsuite ignored="1" hostname="NilkantPersonal" failures="0" tests="1" name="Error Validation Test" time="6.94" errors="0" timestamp="2024-05-23T08:46:35 EDT">
  <testcase classname="nilseleniuminc.tests.ErrorValidationsTest" name="loginError" time="1.249"/>
  <testcase classname="nilseleniuminc.tests.ErrorValidationsTest" name="verifyProductInCart" time="0.0">
    <ignored/>
  </testcase> <!-- verifyProductInCart -->
</testsuite> <!-- Error Validation Test -->
