<?xml version="1.0" encoding="UTF-8"?>
<!-- Generated by org.testng.reporters.JUnitXMLReporter -->
<testsuite ignored="0" hostname="NilkantPersonal" failures="0" tests="2" name="Error Validation Test" time="25.948" errors="0" timestamp="2024-05-23T08:49:39 EDT">
  <testcase classname="nilseleniuminc.tests.ErrorValidationsTest" name="loginError" time="1.094"/>
  <testcase classname="nilseleniuminc.tests.ErrorValidationsTest" name="verifyProductInCart" time="15.343"/>
</testsuite> <!-- Error Validation Test -->
